INFO:aiogram:Bot: Document Check Bot [@PassportVerifyBot]
INFO:aiogram.dispatcher.dispatcher:Start polling.
INFO:root:Notification to user id284845372
INFO:root:Unsubscribe for user id284845372
INFO:root:Search passport by id for id284845372
INFO:root:Subscribe for user id284845372
INFO:root:Unsubscribe for user id284845372
INFO:root:Notification to user id284845372
INFO:root:Notification to user id284845372
INFO:root:Notification to user id284845372
INFO:root:Unsubscribe for user id284845372
INFO:root:Search passport by id for id391789374
INFO:root:Subscribe for user id391789374
INFO:root:Unsubscribe for user id391789374
INFO:root:Notification to user id391789374
INFO:root:Notification to user id391789374
INFO:root:Notification to user id391789374
INFO:root:Notification to user id391789374
INFO:root:Notification to user id391789374
INFO:root:Notification to user id391789374
INFO:root:Unsubscribe for user id391789374

